1542275660505	geckodriver	INFO	geckodriver 0.19.1
1542275660517	geckodriver	INFO	Listening on 127.0.0.1:64548
1542275663562	mozrunner::runner	INFO	Running command: "C:\\Program Files\\Mozilla Firefox\\firefox.exe" "-marionette" "-profile" "C:\\Users\\ADMINI~1\\AppData\\Local\\Temp\\rust_mozprofile.JQBe1ZOlmNgV"
1542275664430	addons.xpi	WARN	Error parsing extensions state: [Exception... "Component returned failure code: 0x80520012 (NS_ERROR_FILE_NOT_FOUND) [amIAddonManagerStartup.readStartupData]"  nsresult: "0x80520012 (NS_ERROR_FILE_NOT_FOUND)"  location: "JS frame :: resource://gre/modules/addons/XPIProvider.jsm :: loadExtensionState :: line 1554"  data: no] Stack trace: loadExtensionState()@resource://gre/modules/addons/XPIProvider.jsm:1554 < getInstallState()@resource://gre/modules/addons/XPIProvider.jsm:1589 < checkForChanges()@resource://gre/modules/addons/XPIProvider.jsm:3109 < startup()@resource://gre/modules/addons/XPIProvider.jsm:2188 < callProvider()@resource://gre/modules/AddonManager.jsm:269 < _startProvider()@resource://gre/modules/AddonManager.jsm:739 < startup()@resource://gre/modules/AddonManager.jsm:906 < startup()@resource://gre/modules/AddonManager.jsm:3090 < observe()@jar:file:///C:/Program%20Files/Mozilla%20Firefox/omni.ja!/components/addonManager.js:65
1542275665273	Marionette	INFO	Enabled via --marionette
1542275668349	Marionette	INFO	Listening on port 64565
1542275669105	Marionette	WARN	TLS certificate errors will be ignored for this session
1542275669143	Marionette	DEBUG	Register listener.js for window 4294967297
1542275669201	Marionette	DEBUG	Received DOM event "beforeunload" for "about:blank"
1542275670641	Marionette	DEBUG	Received DOM event "pagehide" for "about:blank"
1542275670642	Marionette	DEBUG	Received DOM event "unload" for "about:blank"
Unable to read VR Path Registry from C:\Users\Administrator\AppData\Local\openvr\openvrpaths.vrpath
JavaScript error: https://ss1.bdstatic.com/5eN1bjq8AAUYm2zgoY3K/r/www/cache/static/protocol/https/plugins/every_cookie_4644b13.js, line 4: ReferenceError: c is not defined
1542275671300	Marionette	DEBUG	Received DOM event "DOMContentLoaded" for "https://www.baidu.com/"
1542275671446	Marionette	DEBUG	Received DOM event "pageshow" for "https://www.baidu.com/"
1542275688475	addons.productaddons	WARN	Failed downloading XML, status: 0, reason: timeout
Unable to read VR Path Registry from C:\Users\Administrator\AppData\Local\openvr\openvrpaths.vrpath
[Child 23172] WARNING: pipe error: 109: file z:/build/build/src/ipc/chromium/src/chrome/common/ipc_channel_win.cc, line 346
[Child 23172] WARNING: pipe error: 109: file z:/build/build/src/ipc/chromium/src/chrome/common/ipc_channel_win.cc, line 346
Unable to read VR Path Registry from C:\Users\Administrator\AppData\Local\openvr\openvrpaths.vrpath
[Parent 22220] WARNING: pipe error: 109: file z:/build/build/src/ipc/chromium/src/chrome/common/ipc_channel_win.cc, line 346
1542275739399	addons.productaddons	WARN	Failed downloading via XHR, status: 0, reason: error
1542275739402	addons.productaddons	WARN	Failed downloading via XHR, status: 0, reason: error

###!!! [Child][MessageChannel::SendAndWait] Error: Channel error: cannot send/recv

1542275742399	geckodriver	INFO	geckodriver 0.19.1
1542275742412	geckodriver	INFO	Listening on 127.0.0.1:64780
1542275745486	mozrunner::runner	INFO	Running command: "C:\\Program Files\\Mozilla Firefox\\firefox.exe" "-marionette" "-profile" "C:\\Users\\ADMINI~1\\AppData\\Local\\Temp\\rust_mozprofile.V5fMoEksvK2L"
1542275746405	addons.xpi	WARN	Error parsing extensions state: [Exception... "Component returned failure code: 0x80520012 (NS_ERROR_FILE_NOT_FOUND) [amIAddonManagerStartup.readStartupData]"  nsresult: "0x80520012 (NS_ERROR_FILE_NOT_FOUND)"  location: "JS frame :: resource://gre/modules/addons/XPIProvider.jsm :: loadExtensionState :: line 1554"  data: no] Stack trace: loadExtensionState()@resource://gre/modules/addons/XPIProvider.jsm:1554 < getInstallState()@resource://gre/modules/addons/XPIProvider.jsm:1589 < checkForChanges()@resource://gre/modules/addons/XPIProvider.jsm:3109 < startup()@resource://gre/modules/addons/XPIProvider.jsm:2188 < callProvider()@resource://gre/modules/AddonManager.jsm:269 < _startProvider()@resource://gre/modules/AddonManager.jsm:739 < startup()@resource://gre/modules/AddonManager.jsm:906 < startup()@resource://gre/modules/AddonManager.jsm:3090 < observe()@jar:file:///C:/Program%20Files/Mozilla%20Firefox/omni.ja!/components/addonManager.js:65
1542275747293	Marionette	INFO	Enabled via --marionette
Unable to read VR Path Registry from C:\Users\Administrator\AppData\Local\openvr\openvrpaths.vrpath
[Parent 23024] WARNING: pipe error: 109: file z:/build/build/src/ipc/chromium/src/chrome/common/ipc_channel_win.cc, line 346
Unable to read VR Path Registry from C:\Users\Administrator\AppData\Local\openvr\openvrpaths.vrpath
[Child 22396] WARNING: pipe error: 109: file z:/build/build/src/ipc/chromium/src/chrome/common/ipc_channel_win.cc, line 346
1542275750309	Marionette	INFO	Listening on port 64796
1542275751038	Marionette	WARN	TLS certificate errors will be ignored for this session
1542275751076	Marionette	DEBUG	Register listener.js for window 6442450945
1542275751161	Marionette	DEBUG	Received DOM event "beforeunload" for "about:blank"
1542275751563	addons.productaddons	ERROR	Request failed certificate checks: [Exception... "Certificate checks failed. See previous errors for details."  nsresult: "0x80070057 (NS_ERROR_ILLEGAL_VALUE)"  location: "JS frame :: resource://gre/modules/CertUtils.jsm :: validateCert :: line 113"  data: no]
1542275752544	Marionette	DEBUG	Received DOM event "pagehide" for "about:blank"
1542275752545	Marionette	DEBUG	Received DOM event "unload" for "about:blank"
1542275753288	Marionette	DEBUG	Received DOM event "DOMContentLoaded" for "https://www.baidu.com/"
1542275753447	Marionette	DEBUG	Received DOM event "pageshow" for "https://www.baidu.com/"
Unable to read VR Path Registry from C:\Users\Administrator\AppData\Local\openvr\openvrpaths.vrpath
JavaScript error: https://sp0.baidu.com/5a1Fazu8AA54nxGko9WTAnF6hhy/su?wd=selenium&json=1&p=3&sid=26523_1432_21092_27401_26350_22157&req=2&csor=8&pwd=seleniu&cb=jQuery1102014958339762334283_1542275753156&_=1542275753165, line 1: TypeError: jQuery1102014958339762334283_1542275753156 is not a function
JavaScript error: https://sp0.baidu.com/5a1Fazu8AA54nxGko9WTAnF6hhy/su?wd=seleni&json=1&p=3&sid=26523_1432_21092_27401_26350_22157&req=2&csor=6&pwd=selen&cb=jQuery1102014958339762334283_1542275753156&_=1542275753163, line 1: TypeError: jQuery1102014958339762334283_1542275753156 is not a function
JavaScript error: https://sp0.baidu.com/5a1Fazu8AA54nxGko9WTAnF6hhy/su?wd=seleniu&json=1&p=3&sid=26523_1432_21092_27401_26350_22157&req=2&csor=7&pwd=seleni&cb=jQuery1102014958339762334283_1542275753156&_=1542275753164, line 1: TypeError: jQuery1102014958339762334283_1542275753156 is not a function
1542275754602	Marionette	DEBUG	Canceled page load listener because no navigation has been detected
[Parent 23024] WARNING: pipe error: 109: file z:/build/build/src/ipc/chromium/src/chrome/common/ipc_channel_wi1542275792601	mozrunner::runner	INFO	Running command: "C:\\Program Files\\Mozilla Firefox\\firefox.exe" "-marionette" "-profile" "C:\\Users\\ADMINI~1\\AppData\\Local\\Temp\\rust_mozprofile.O31fc7O65dVT"
1542275794375	addons.xpi	WARN	Error parsing extensions state: [Exception... "Component returned failure code: 0x80520012 (NS_ERROR_FILE_NOT_FOUND) [amIAddonManagerStartup.readStartupData]"  nsresult: "0x80520012 (NS_ERROR_FILE_NOT_FOUND)"  location: "JS frame :: resource://gre/modules/addons/XPIProvider.jsm :: loadExtensionState :: line 1554"  data: no] Stack trace: loadExtensionState()@resource://gre/modules/addons/XPIProvider.jsm:1554 < getInstallState()@resource://gre/modules/addons/XPIProvider.jsm:1589 < checkForChanges()@resource://gre/modules/addons/XPIProvider.jsm:3109 < startup()@resource://gre/modules/addons/XPIProvider.jsm:2188 < callProvider()@resource://gre/modules/AddonManager.jsm:269 < _startProvider()@resource://gre/modules/AddonManager.jsm:739 < startup()@resource://gre/modules/AddonManager.jsm:906 < startup()@resource://gre/modules/AddonManager.jsm:3090 < observe()@jar:file:///C:/Program%20Files/Mozilla%20Firefox/omni.ja!/components/addonManager.js:65
1542275795258	Marionette	INFO	Enabled via --marionette
Unable to read VR Path Registry from C:\Users\Administrator\AppData\Local\openvr\openvrpaths.vrpath
[Parent 18972] WARNING: pipe error: 109: file z:/build/build/src/ipc/chromium/src/chrome/common/ipc_channel_win.cc, line 346
Unable to read VR Path Registry from C:\Users\Administrator\AppData\Local\openvr\openvrpaths.vrpath
[Child 23172] WARNING: pipe error: 109: file z:/build/build/src/ipc/chromium/src/chrome/common/ipc_channel_win.cc, line 346
1542275798471	Marionette	INFO	Listening on port 64973
1542275799300	Marionette	WARN	TLS certificate errors will be ignored for this session
1542275799339	Marionette	DEBUG	Register listener.js for window 6442450945
1542275799397	Marionette	DEBUG	Received DOM event "beforeunload" for "about:blank"
1542275800045	addons.productaddons	ERROR	Request failed certificate checks: [Exception... "Certificate checks failed. See previous errors for details."  nsresult: "0x80070057 (NS_ERROR_ILLEGAL_VALUE)"  location: "JS frame :: resource://gre/modules/CertUtils.jsm :: validateCert :: line 113"  data: no]
1542275800713	Marionette	DEBUG	Received DOM event "pagehide" for "about:blank"
1542275800713	Marionette	DEBUG	Received DOM event "unload" for "about:blank"
Unable to read VR Path Registry from C:\Users\Administrator\AppData\Local\openvr\openvrpaths.vrpath
JavaScript error: https://ss1.bdstatic.com/5eN1bjq8AAUYm2zgoY3K/r/www/cache/static/protocol/https/plugins/every_cookie_4644b13.js, line 4: ReferenceError: c is not defined
1542275801442	Marionette	DEBUG	Received DOM event "DOMContentLoaded" for "https://www.baidu.com/"
1542275801494	Marionette	DEBUG	Received DOM event "pageshow" for "https://www.baidu.com/"
JavaScript error: https://sp0.baidu.com/5a1Fazu8AA54nxGko9WTAnF6hhy/su?wd=sele&json=1&p=3&sid=1450_21103_27400_26350_20718&req=2&csor=4&pwd=sel&cb=jQuery110203671856568913263_1542275801233&_=1542275801238, line 1: TypeError: jQuery110203671856568913263_1542275801233 is not a function
JavaScript error: https://sp0.baidu.com/5a1Fazu8AA54nxGko9WTAnF6hhy/su?wd=seleni&json=1&p=3&sid=1450_21103_27400_26350_20718&req=2&csor=6&pwd=selen&cb=jQuery110203671856568913263_1542275801233&_=1542275801240, line 1: TypeError: jQuery110203671856568913263_1542275801233 is not a function
JavaScript error: https://sp0.baidu.com/5a1Fazu8AA54nxGko9WTAnF6hhy/su?wd=s&json=1&p=3&sid=1450_21103_27400_26350_20718&req=2&csor=1&cb=jQuery110203671856568913263_1542275801233&_=1542275801235, line 1: TypeError: jQuery110203671856568913263_1542275801233 is not a function
JavaScript error: https://sp0.baidu.com/5a1Fazu8AA54nxGko9WTAnF6hhy/su?wd=selen&json=1&p=3&sid=1450_21103_27400_26350_20718&req=2&csor=5&pwd=sele&cb=jQuery110203671856568913263_1542275801233&_=1542275801239, line 1: TypeError: jQuery110203671856568913263_1542275801233 is not a function
JavaScript error: https://sp0.baidu.com/5a1Fazu8AA54nxGko9WTAnF6hhy/su?wd=se&json=1&p=3&sid=1450_21103_27400_26350_20718&req=2&csor=2&pwd=s&cb=jQuery110203671856568913263_1542275801233&_=1542275801236, line 1: TypeError: jQuery110203671856568913263_1542275801233 is not a function
JavaScript error: https://sp0.baidu.com/5a1Fazu8AA54nxGko9WTAnF6hhy/su?wd=sel&json=1&p=3&sid=1450_21103_27400_26350_20718&req=2&csor=3&pwd=se&cb=jQuery110203671856568913263_1542275801233&_=1542275801237, line 1: TypeError: jQuery110203671856568913263_1542275801233 is not a function
JavaScript error: https://sp0.baidu.com/5a1Fazu8AA54nxGko9WTAnF6hhy/su?wd=seleniu&json=1&p=3&sid=1450_21103_27400_26350_20718&req=2&csor=7&pwd=seleni&cb=jQuery110203671856568913263_1542275801233&_=1542275801241, line 1: TypeError: jQuery110203671856568913263_1542275801233 is not a function
JavaScript error: https://sp0.baidu.com/5a1Fazu8AA54nxGko9WTAnF6hhy/su?wd=selenium&json=1&p=3&sid=1450_21103_27400_26350_20718&req=2&csor=8&pwd=seleniu&cb=jQuery110203671856568913263_1542275801233&_=1542275801242, line 1: TypeError: jQuery110203671856568913263_1542275801233 is not a function
1542275802589	Marionette	DEBUG	Canceled page load listener because no navigation has been detected
1542276040346	addons.productaddons	WARN	Failed downloading via XHR, status: 0, reason: error
1542276040620	addons.productaddons	WARN	Failed downloading via XHR, status: 0, reason: error
Unable to read VR Path Registry from C:\Users\Administrator\AppData\Local\openvr\openvrpaths.vrpath
[Child 22084] WARNING: pipe error: 109: file z:/build/build/src/ipc/chromium/src/chrome/common/ipc_channel_win.cc, line 346
[Child 22084] WARNING: pipe error: 109: file z:/build/build/src/ipc/chromium/src/chrome/common/ipc_channel_win.cc, line 346
[Child 21972] WARNING: pipe error: 109: file z:/build/build/src/ipc/chromium/src/chrome/common/ipc_channel_win.cc, line 346

###!!! [Child][MessageChannel::SendAndWait] Error: Channel error: cannot send/recv

4 < getInstallState()@resource://gre/modules/addons/XPIProvider.jsm:1589 < checkForChanges()@resource://gre/modules/addons/XPIProvider.jsm:3109 < startup()@resource://gre/modules/addons/XPIProvider.jsm:2188 < callProvider()@resource://gre/modules/AddonManager.jsm:269 < _startProvider()@resource://gre/modules/AddonManager.jsm:739 < startup()@resource://gre/modules/AddonManager.jsm:906 < startup()@resource://gre/modules/AddonManager.jsm:3090 < observe()@jar:file:///C:/Program%20Files/Mozilla%20Firefox/omni.ja!/components/addonManager.js:65
1542276021705	Marionette	INFO	Enabled via --marionette
Unable to read VR Path Registry from C:\Users\Administrator\AppData\Local\openvr\openvrpaths.vrpath
[Child 22052] WARNING: pipe error: 109: file z:/build/build/src/ipc/chromium/src/chrome/common/ipc_channel_win.cc, line 346
[Child 22052] WARNING: pipe error: 109: file z:/build/build/src/ipc/chromium/src/chrome/common/ipc_channel_win.cc, line 346
1542276025195	Marionette	INFO	Listening on port 65526
1542276025345	Marionette	WARN	TLS certificate errors will be ignored for this session
1542276025385	Marionette	DEBUG	Register listener.js for window 4294967297
1542276025446	Marionette	DEBUG	Received DOM event "beforeunload" for "about:blank"
1542276027182	Marionette	DEBUG	Received DOM event "pagehide" for "about:blank"
1542276027183	Marionette	DEBUG	Received DOM event "unload" for "about:blank"
1542276027453	addons.productaddons	ERROR	Request failed certificate checks: [Exception... "Certificate checks failed. See previous errors for details."  nsresult: "0x80070057 (NS_ERROR_ILLEGAL_VALUE)"  location: "JS frame :: resource://gre/modules/CertUtils.jsm :: validateCert :: line 113"  data: no]
Unable to read VR Path Registry from C:\Users\Administrator\AppData\Local\openvr\openvrpaths.vrpath
JavaScript error: https://ss1.bdstatic.com/5eN1bjq8AAUYm2zgoY3K/r/www/cache/static/protocol/https/plugins/every_cookie_4644b13.js, line 4: ReferenceError: c is not defined
1542276027944	Marionette	DEBUG	Received DOM event "DOMContentLoaded" for "https://www.baidu.com/"
1542276027996	Marionette	DEBUG	Received DOM event "pageshow" for "https://www.baidu.com/"
JavaScript error: https://sp0.baidu.com/5a1Fazu8AA54nxGko9WTAnF6hhy/su?wd=s&json=1&p=3&sid=1444_21114_27401_27508&req=2&csor=1&cb=jQuery110205645009519993947_1542276027827&_=1542276027829, line 1: TypeError: jQuery110205645009519993947_1542276027827 is not a function
JavaScript error: https://sp0.baidu.com/5a1Fazu8AA54nxGko9WTAnF6hhy/su?wd=sel&json=1&p=3&sid=1444_21114_27401_27508&req=2&csor=3&pwd=se&cb=jQuery110205645009519993947_1542276027827&_=1542276027831, line 1: TypeError: jQuery110205645009519993947_1542276027827 is not a function
JavaScript error: https://sp0.baidu.com/5a1Fazu8AA54nxGko9WTAnF6hhy/su?wd=selen&json=1&p=3&sid=1444_21114_27401_27508&req=2&csor=5&pwd=sele&cb=jQuery110205645009519993947_1542276027827&_=1542276027833, line 1: TypeError: jQuery110205645009519993947_1542276027827 is not a function
JavaScript error: https://sp0.baidu.com/5a1Fazu8AA54nxGko9WTAnF6hhy/su?wd=seleniu&json=1&p=3&sid=1444_21114_27401_27508&req=2&csor=7&pwd=seleni&cb=jQuery110205645009519993947_1542276027827&_=1542276027835, line 1: TypeError: jQuery110205645009519993947_1542276027827 is not a function
JavaScript error: https://sp0.baidu.com/5a1Fazu8AA54nxGko9WTAnF6hhy/su?wd=selenium&json=1&p=3&sid=1444_21114_27401_27508&req=2&csor=8&pwd=seleniu&cb=jQuery110205645009519993947_1542276027827&_=1542276027836, line 1: TypeError: jQuery110205645009519993947_1542276027827 is not a function
1542276029252	Marionette	DEBUG	Canceled page load listener because no navigation has been detected
1542276034305	Marionette	INFO	New connections will no longer be accepted
Unable to read VR Path Registry from C:\Users\Administrator\AppData\Local\openvr\openvrpaths.vrpath
[Child 23816] WARNING: pipe error: 109: file z:/build/build/src/ipc/chromium/src/chrome/common/ipc_channel_win.cc, line 346
1542276045361	geckodriver	INFO	geckodriver 0.19.1
1542276045373	geckodriver	INFO	Listening on 127.0.0.1:1150
1542276048453	mozrunner::runner	INFO	Running command: "C:\\Program Files\\Mozilla Firefox\\firefox.exe" "-marionette" "-profile" "C:\\Users\\ADMINI~1\\AppData\\Local\\Temp\\rust_mozprofile.XM0KJk9JFurx"
1542276049283	addons.xpi	WARN	Error parsing extensions state: [Exception... "Component returned failure code: 0x80520012 (NS_ERROR_FILE_NOT_FOUND) [amIAddonManagerStartup.readStartupData]"  nsresult: "0x80520012 (NS_ERROR_FILE_NOT_FOUND)"  location: "JS frame :: resource://gre/modules/addons/XPIProvider.jsm :: loadExtensionState :: line 1554"  data: no] Stack trace: loadExtensionState()@resource://gre/modules/addons/XPIProvider.jsm:1554 < getInstallState()@resource://gre/modules/addons/XPIProvider.jsm:1589 < checkForChanges()@resource://gre/modules/addons/XPIProvider.jsm:3109 < startup()@resource://gre/modules/addons/XPIProvider.jsm:2188 < callProvider()@resource://gre/modules/AddonManager.jsm:269 < _startProvider()@resource://gre/modules/AddonManager.jsm:739 < startup()@resource://gre/modules/AddonManager.jsm:906 < startup()@resource://gre/modules/AddonManager.jsm:3090 < observe()@jar:file:///C:/Program%20Files/Mozilla%20Firefox/omni.ja!/components/addonManager.js:65
1542276050198	Marionette	INFO	Enabled via --marionette
Unable to read VR Path Registry from C:\Users\Administrator\AppData\Local\openvr\openvrpaths.vrpath
[Child 24268] WARNING: pipe error: 109: file z:/build/build/src/ipc/chromium/src/chrome/common/ipc_channel_win.cc, line 346
[Child 24268] WARNING: pipe error: 109: file z:/build/build/src/ipc/chromium/src/chrome/common/ipc_channel_win.cc, line 346
1542276053632	Marionette	INFO	Listening on port 1166
1542276053759	Marionette	WARN	TLS certificate errors will be ignored for this session
1542276053803	Marionette	DEBUG	Register listener.js for window 4294967297
1542276053866	Marionette	DEBUG	Received DOM event "beforeunload" for "about:blank"
1542276054732	Marionette	DEBUG	Received DOM event "pagehide" for "about:blank"
1542276054733	Marionette	DEBUG	Received DOM event "unload" for "about:blank"
Unable to read VR Path Registry from C:\Users\Administrator\AppData\Local\openvr\openvrpaths.vrpath
JavaScript error: https://ss1.bdstatic.com/5eN1bjq8AAUYm2zgoY3K/r/www/cache/static/protocol/https/plugins/every_cookie_4644b13.js, line 4: ReferenceError: c is not defined
1542276055423	Marionette	DEBUG	Received DOM event "DOMContentLoaded" for "https://www.baidu.com/"
1542276055471	Marionette	DEBUG	Received DOM event "pageshow" for "https://www.baidu.com/"
JavaScript error: https://sp0.baidu.com/5a1Fazu8AA54nxGko9WTAnF6hhy/su?wd=s&json=1&p=3&sid=1465_21117_18559_26350_22075&req=2&csor=1&cb=jQuery110205169470271102206_1542276055289&_=1542276055291, line 1: TypeError: jQuery110205169470271102206_1542276055289 is not a function
JavaScript error: https://sp0.baidu.com/5a1Fazu8AA54nxGko9WTAnF6hhy/su?wd=seleniu&json=1&p=3&sid=1465_21117_18559_26350_22075&req=2&csor=7&pwd=seleni&cb=jQuery110205169470271102206_1542276055289&_=1542276055297, line 1: TypeError: jQuery110205169470271102206_1542276055289 is not a function
JavaScript error: https://sp0.baidu.com/5a1Fazu8AA54nxGko9WTAnF6hhy/su?wd=sele&json=1&p=3&sid=1465_21117_18559_26350_22075&req=2&csor=4&pwd=sel&cb=jQuery110205169470271102206_1542276055289&_=1542276055294, line 1: TypeError: jQuery110205169470271102206_1542276055289 is not a function
JavaScript error: https://sp0.baidu.com/5a1Fazu8AA54nxGko9WTAnF6hhy/su?wd=selen&json=1&p=3&sid=1465_21117_18559_26350_22075&req=2&csor=5&pwd=sele&cb=jQuery110205169470271102206_1542276055289&_=1542276055295, line 1: TypeError: jQuery110205169470271102206_1542276055289 is not a function
JavaScript error: https://sp0.baidu.com/5a1Fazu8AA54nxGko9WTAnF6hhy/su?wd=seleni&json=1&p=3&sid=1465_21117_18559_26350_22075&req=2&csor=6&pwd=selen&cb=jQuery110205169470271102206_1542276055289&_=1542276055296, line 1: TypeError: jQuery110205169470271102206_1542276055289 is not a function
JavaScript error: https://sp0.baidu.com/5a1Fazu8AA54nxGko9WTAnF6hhy/su?wd=sel&json=1&p=3&sid=1465_21117_18559_26350_22075&req=2&csor=3&pwd=se&cb=jQuery110205169470271102206_1542276055289&_=1542276055293, line 1: TypeError: jQuery110205169470271102206_1542276055289 is not a function
JavaScript error: https://sp0.baidu.com/5a1Fazu8AA54nxGko9WTAnF6hhy/su?wd=selenium&json=1&p=3&sid=1465_21117_18559_26350_22075&req=2&csor=8&pwd=seleniu&cb=jQuery110205169470271102206_1542276055289&_=1542276055298, line 1: TypeError: jQuery110205169470271102206_1542276055289 is not a function
1542276056635	Marionette	DEBUG	Canceled page load listener because no navigation has been detected
1542276061784	Marionette	INFO	New connections will no longer be accepted
Unable to read VR Path Registry from C:\Users\Administrator\AppData\Local\openvr\openvrpaths.vrpath
[Parent 24052] WARNING: pipe error: 109: file z:/build/build/src/ipc/chromium/src/chrome/common/ipc_channel_win.cc, line 346
